# JRE version: OpenJDK Runtime Environment Temurin-21.0.8+9 (21.0.8+9) (build 21.0.8+9-LTS)
# Java VM: OpenJDK 64-Bit Server VM Temurin-21.0.8+9 (21.0.8+9-LTS, mixed mode, sharing, tiered, compressed oops, compressed class ptrs, parallel gc, windows-amd64)
GC Precious Log:
 CardTable entry size: 512
 CPUs: 4 total, 4 available
 Memory: 8067M
 Large Page Support: Disabled
 NUMA Support: Disabled
 Compressed Oops: Enabled (32-bit)
 Alignments: Space 512K, Generation 512K, Heap 2M
 Heap Min Capacity: 100M
 Heap Initial Capacity: 100M
 Heap Max Capacity: 2G
 Pre-touch: Disabled
 Parallel Workers: 4
Heap:
 PSYoungGen      total 4608K, used 932K [0x00000000d5580000, 0x00000000d5b00000, 0x0000000100000000)
  eden space 4096K, 20% used [0x00000000d5580000,0x00000000d5651010,0x00000000d5980000)
  from space 512K, 18% used [0x00000000d5a00000,0x00000000d5a18000,0x00000000d5a80000)
  to   space 512K, 0% used [0x00000000d5a80000,0x00000000d5a80000,0x00000000d5b00000)
 ParOldGen       total 704512K, used 704135K [0x0000000080000000, 0x00000000ab000000, 0x00000000d5580000)
  object space 704512K, 99% used [0x0000000080000000,0x00000000aafa1df0,0x00000000ab000000)
 Metaspace       used 87638K, committed 89216K, reserved 1179648K
  class space    used 8964K, committed 9792K, reserved 1048576K
GC Heap History (20 events):
Event: 9525.250 GC heap before
{Heap before GC invocations=2094 (full 5):
 PSYoungGen      total 5120K, used 4826K [0x00000000d5580000, 0x00000000d5b80000, 0x0000000100000000)
  eden space 4096K, 100% used [0x00000000d5580000,0x00000000d5980000,0x00000000d5980000)
  from space 1024K, 71% used [0x00000000d5980000,0x00000000d5a36900,0x00000000d5a80000)
  to   space 1024K, 0% used [0x00000000d5a80000,0x00000000d5a80000,0x00000000d5b80000)
 ParOldGen       total 700928K, used 700605K [0x0000000080000000, 0x00000000aac80000, 0x00000000d5580000)
  object space 700928K, 99% used [0x0000000080000000,0x00000000aac2f458,0x00000000aac80000)
 Metaspace       used 87565K, committed 89216K, reserved 1179648K
  class space    used 8959K, committed 9792K, reserved 1048576K
}
Event: 9525.253 GC heap after
{Heap after GC invocations=2094 (full 5):
 PSYoungGen      total 4608K, used 224K [0x00000000d5580000, 0x00000000d5b00000, 0x0000000100000000)
  eden space 4096K, 0% used [0x00000000d5580000,0x00000000d5580000,0x00000000d5980000)
  from space 512K, 43% used [0x00000000d5a80000,0x00000000d5ab8000,0x00000000d5b00000)
  to   space 512K, 0% used [0x00000000d5a00000,0x00000000d5a00000,0x00000000d5a80000)
 ParOldGen       total 701440K, used 701233K [0x0000000080000000, 0x00000000aad00000, 0x00000000d5580000)
  object space 701440K, 99% used [0x0000000080000000,0x00000000aaccc688,0x00000000aad00000)
 Metaspace       used 87565K, committed 89216K, reserved 1179648K
  class space    used 8959K, committed 9792K, reserved 1048576K
}
Event: 9525.584 GC heap before
{Heap before GC invocations=2095 (full 5):
 PSYoungGen      total 4608K, used 4320K [0x00000000d5580000, 0x00000000d5b00000, 0x0000000100000000)
  eden space 4096K, 100% used [0x00000000d5580000,0x00000000d5980000,0x00000000d5980000)
  from space 512K, 43% used [0x00000000d5a80000,0x00000000d5ab8000,0x00000000d5b00000)
  to   space 512K, 0% used [0x00000000d5a00000,0x00000000d5a00000,0x00000000d5a80000)
 ParOldGen       total 701440K, used 701233K [0x0000000080000000, 0x00000000aad00000, 0x00000000d5580000)
  object space 701440K, 99% used [0x0000000080000000,0x00000000aaccc688,0x00000000aad00000)
 Metaspace       used 87565K, committed 89216K, reserved 1179648K
  class space    used 8959K, committed 9792K, reserved 1048576K
}
Event: 9525.588 GC heap after
{Heap after GC invocations=2095 (full 5):
 PSYoungGen      total 4608K, used 218K [0x00000000d5580000, 0x00000000d5b00000, 0x0000000100000000)
  eden space 4096K, 0% used [0x00000000d5580000,0x00000000d5580000,0x00000000d5980000)
  from space 512K, 42% used [0x00000000d5a00000,0x00000000d5a36900,0x00000000d5a80000)
  to   space 512K, 0% used [0x00000000d5a80000,0x00000000d5a80000,0x00000000d5b00000)
 ParOldGen       total 701440K, used 701361K [0x0000000080000000, 0x00000000aad00000, 0x00000000d5580000)
  object space 701440K, 99% used [0x0000000080000000,0x00000000aacec688,0x00000000aad00000)
 Metaspace       used 87565K, committed 89216K, reserved 1179648K
  class space    used 8959K, committed 9792K, reserved 1048576K
}
Event: 9525.620 GC heap before
{Heap before GC invocations=2096 (full 5):
 PSYoungGen      total 4608K, used 4314K [0x00000000d5580000, 0x00000000d5b00000, 0x0000000100000000)
  eden space 4096K, 100% used [0x00000000d5580000,0x00000000d5980000,0x00000000d5980000)
  from space 512K, 42% used [0x00000000d5a00000,0x00000000d5a36900,0x00000000d5a80000)
  to   space 512K, 0% used [0x00000000d5a80000,0x00000000d5a80000,0x00000000d5b00000)
 ParOldGen       total 701440K, used 701361K [0x0000000080000000, 0x00000000aad00000, 0x00000000d5580000)
  object space 701440K, 99% used [0x0000000080000000,0x00000000aacec688,0x00000000aad00000)
 Metaspace       used 87565K, committed 89216K, reserved 1179648K
  class space    used 8959K, committed 9792K, reserved 1048576K
}
Event: 9525.623 GC heap after
{Heap after GC invocations=2096 (full 5):
 PSYoungGen      total 4608K, used 512K [0x00000000d5580000, 0x00000000d5b80000, 0x0000000100000000)
  eden space 4096K, 0% used [0x00000000d5580000,0x00000000d5580000,0x00000000d5980000)
  from space 512K, 100% used [0x00000000d5a80000,0x00000000d5b00000,0x00000000d5b00000)
  to   space 1024K, 0% used [0x00000000d5980000,0x00000000d5980000,0x00000000d5a80000)
 ParOldGen       total 701952K, used 701590K [0x0000000080000000, 0x00000000aad80000, 0x00000000d5580000)
  object space 701952K, 99% used [0x0000000080000000,0x00000000aad258a8,0x00000000aad80000)
 Metaspace       used 87565K, committed 89216K, reserved 1179648K
  class space    used 8959K, committed 9792K, reserved 1048576K
}
Event: 9527.612 GC heap before
{Heap before GC invocations=2097 (full 5):
 PSYoungGen      total 4608K, used 4608K [0x00000000d5580000, 0x00000000d5b80000, 0x0000000100000000)
  eden space 4096K, 100% used [0x00000000d5580000,0x00000000d5980000,0x00000000d5980000)
  from space 512K, 100% used [0x00000000d5a80000,0x00000000d5b00000,0x00000000d5b00000)
  to   space 1024K, 0% used [0x00000000d5980000,0x00000000d5980000,0x00000000d5a80000)
 ParOldGen       total 701952K, used 701590K [0x0000000080000000, 0x00000000aad80000, 0x00000000d5580000)
  object space 701952K, 99% used [0x0000000080000000,0x00000000aad258a8,0x00000000aad80000)
 Metaspace       used 87619K, committed 89216K, reserved 1179648K
  class space    used 8963K, committed 9792K, reserved 1048576K
}
Event: 9527.616 GC heap after
{Heap after GC invocations=2097 (full 5):
 PSYoungGen      total 5120K, used 564K [0x00000000d5580000, 0x00000000d5b80000, 0x0000000100000000)
  eden space 4096K, 0% used [0x00000000d5580000,0x00000000d5580000,0x00000000d5980000)
  from space 1024K, 55% used [0x00000000d5980000,0x00000000d5a0d200,0x00000000d5a80000)
  to   space 1024K, 0% used [0x00000000d5a80000,0x00000000d5a80000,0x00000000d5b80000)
 ParOldGen       total 702464K, used 702110K [0x0000000080000000, 0x00000000aae00000, 0x00000000d5580000)
  object space 702464K, 99% used [0x0000000080000000,0x00000000aada78b8,0x00000000aae00000)
 Metaspace       used 87619K, committed 89216K, reserved 1179648K
  class space    used 8963K, committed 9792K, reserved 1048576K
}
Event: 9527.638 GC heap before
{Heap before GC invocations=2098 (full 5):
 PSYoungGen      total 5120K, used 4660K [0x00000000d5580000, 0x00000000d5b80000, 0x0000000100000000)
  eden space 4096K, 100% used [0x00000000d5580000,0x00000000d5980000,0x00000000d5980000)
  from space 1024K, 55% used [0x00000000d5980000,0x00000000d5a0d200,0x00000000d5a80000)
  to   space 1024K, 0% used [0x00000000d5a80000,0x00000000d5a80000,0x00000000d5b80000)
 ParOldGen       total 702464K, used 702110K [0x0000000080000000, 0x00000000aae00000, 0x00000000d5580000)
  object space 702464K, 99% used [0x0000000080000000,0x00000000aada78b8,0x00000000aae00000)
 Metaspace       used 87619K, committed 89216K, reserved 1179648K
  class space    used 8963K, committed 9792K, reserved 1048576K
}
Event: 9527.643 GC heap after
{Heap after GC invocations=2098 (full 5):
 PSYoungGen      total 5120K, used 672K [0x00000000d5580000, 0x00000000d5b80000, 0x0000000100000000)
  eden space 4096K, 0% used [0x00000000d5580000,0x00000000d5580000,0x00000000d5980000)
  from space 1024K, 65% used [0x00000000d5a80000,0x00000000d5b28020,0x00000000d5b80000)
  to   space 1024K, 0% used [0x00000000d5980000,0x00000000d5980000,0x00000000d5a80000)
 ParOldGen       total 702976K, used 702639K [0x0000000080000000, 0x00000000aae80000, 0x00000000d5580000)
  object space 702976K, 99% used [0x0000000080000000,0x00000000aae2bd00,0x00000000aae80000)
 Metaspace       used 87619K, committed 89216K, reserved 1179648K
  class space    used 8963K, committed 9792K, reserved 1048576K
}
Event: 9527.667 GC heap before
{Heap before GC invocations=2099 (full 5):
 PSYoungGen      total 5120K, used 4768K [0x00000000d5580000, 0x00000000d5b80000, 0x0000000100000000)
  eden space 4096K, 100% used [0x00000000d5580000,0x00000000d5980000,0x00000000d5980000)
  from space 1024K, 65% used [0x00000000d5a80000,0x00000000d5b28020,0x00000000d5b80000)
  to   space 1024K, 0% used [0x00000000d5980000,0x00000000d5980000,0x00000000d5a80000)
 ParOldGen       total 702976K, used 702639K [0x0000000080000000, 0x00000000aae80000, 0x00000000d5580000)
  object space 702976K, 99% used [0x0000000080000000,0x00000000aae2bd00,0x00000000aae80000)
 Metaspace       used 87619K, committed 89216K, reserved 1179648K
  class space    used 8963K, committed 9792K, reserved 1048576K
}
Event: 9527.670 GC heap after
{Heap after GC invocations=2099 (full 5):
 PSYoungGen      total 5120K, used 676K [0x00000000d5580000, 0x00000000d5b80000, 0x0000000100000000)
  eden space 4096K, 0% used [0x00000000d5580000,0x00000000d5580000,0x00000000d5980000)
  from space 1024K, 66% used [0x00000000d5980000,0x00000000d5a29210,0x00000000d5a80000)
  to   space 1024K, 0% used [0x00000000d5a80000,0x00000000d5a80000,0x00000000d5b80000)
 ParOldGen       total 703488K, used 703239K [0x0000000080000000, 0x00000000aaf00000, 0x00000000d5580000)
  object space 703488K, 99% used [0x0000000080000000,0x00000000aaec1d20,0x00000000aaf00000)
 Metaspace       used 87619K, committed 89216K, reserved 1179648K
  class space    used 8963K, committed 9792K, reserved 1048576K
}
Event: 12247.530 GC heap before
{Heap before GC invocations=2100 (full 5):
 PSYoungGen      total 5120K, used 4772K [0x00000000d5580000, 0x00000000d5b80000, 0x0000000100000000)
  eden space 4096K, 99% used [0x00000000d5580000,0x00000000d597ffe8,0x00000000d5980000)
  from space 1024K, 66% used [0x00000000d5980000,0x00000000d5a29210,0x00000000d5a80000)
  to   space 1024K, 0% used [0x00000000d5a80000,0x00000000d5a80000,0x00000000d5b80000)
 ParOldGen       total 703488K, used 703239K [0x0000000080000000, 0x00000000aaf00000, 0x00000000d5580000)
  object space 703488K, 99% used [0x0000000080000000,0x00000000aaec1d20,0x00000000aaf00000)
 Metaspace       used 87631K, committed 89216K, reserved 1179648K
  class space    used 8964K, committed 9792K, reserved 1048576K
}
Event: 12247.756 GC heap after
{Heap after GC invocations=2100 (full 5):
 PSYoungGen      total 4608K, used 352K [0x00000000d5580000, 0x00000000d5b00000, 0x0000000100000000)
  eden space 4096K, 0% used [0x00000000d5580000,0x00000000d5580000,0x00000000d5980000)
  from space 512K, 68% used [0x00000000d5a80000,0x00000000d5ad8000,0x00000000d5b00000)
  to   space 512K, 0% used [0x00000000d5a00000,0x00000000d5a00000,0x00000000d5a80000)
 ParOldGen       total 704000K, used 703804K [0x0000000080000000, 0x00000000aaf80000, 0x00000000d5580000)
  object space 704000K, 99% used [0x0000000080000000,0x00000000aaf4f260,0x00000000aaf80000)
 Metaspace       used 87631K, committed 89216K, reserved 1179648K
  class space    used 8964K, committed 9792K, reserved 1048576K
}
Event: 60117.071 GC heap before
{Heap before GC invocations=2101 (full 5):
 PSYoungGen      total 4608K, used 4447K [0x00000000d5580000, 0x00000000d5b00000, 0x0000000100000000)
  eden space 4096K, 99% used [0x00000000d5580000,0x00000000d597ffe8,0x00000000d5980000)
  from space 512K, 68% used [0x00000000d5a80000,0x00000000d5ad8000,0x00000000d5b00000)
  to   space 512K, 0% used [0x00000000d5a00000,0x00000000d5a00000,0x00000000d5a80000)
 ParOldGen       total 704000K, used 703804K [0x0000000080000000, 0x00000000aaf80000, 0x00000000d5580000)
  object space 704000K, 99% used [0x0000000080000000,0x00000000aaf4f260,0x00000000aaf80000)
 Metaspace       used 87631K, committed 89216K, reserved 1179648K
  class space    used 8964K, committed 9792K, reserved 1048576K
}
Event: 60117.253 GC heap after
{Heap after GC invocations=2101 (full 5):
 PSYoungGen      total 4608K, used 96K [0x00000000d5580000, 0x00000000d5b00000, 0x0000000100000000)
  eden space 4096K, 0% used [0x00000000d5580000,0x00000000d5580000,0x00000000d5980000)
  from space 512K, 18% used [0x00000000d5a00000,0x00000000d5a18000,0x00000000d5a80000)
  to   space 512K, 0% used [0x00000000d5a80000,0x00000000d5a80000,0x00000000d5b00000)
 ParOldGen       total 704512K, used 704111K [0x0000000080000000, 0x00000000ab000000, 0x00000000d5580000)
  object space 704512K, 99% used [0x0000000080000000,0x00000000aaf9bdf0,0x00000000ab000000)
 Metaspace       used 87631K, committed 89216K, reserved 1179648K
  class space    used 8964K, committed 9792K, reserved 1048576K
}
Event: 60117.281 GC heap before
{Heap before GC invocations=2102 (full 5):
 PSYoungGen      total 4608K, used 4192K [0x00000000d5580000, 0x00000000d5b00000, 0x0000000100000000)
  eden space 4096K, 100% used [0x00000000d5580000,0x00000000d5980000,0x00000000d5980000)
  from space 512K, 18% used [0x00000000d5a00000,0x00000000d5a18000,0x00000000d5a80000)
  to   space 512K, 0% used [0x00000000d5a80000,0x00000000d5a80000,0x00000000d5b00000)
 ParOldGen       total 704512K, used 704111K [0x0000000080000000, 0x00000000ab000000, 0x00000000d5580000)
  object space 704512K, 99% used [0x0000000080000000,0x00000000aaf9bdf0,0x00000000ab000000)
 Metaspace       used 87631K, committed 89216K, reserved 1179648K
  class space    used 8964K, committed 9792K, reserved 1048576K
}
Event: 60117.320 GC heap after
{Heap after GC invocations=2102 (full 5):
 PSYoungGen      total 4608K, used 32K [0x00000000d5580000, 0x00000000d5b00000, 0x0000000100000000)
  eden space 4096K, 0% used [0x00000000d5580000,0x00000000d5580000,0x00000000d5980000)
  from space 512K, 6% used [0x00000000d5a80000,0x00000000d5a88000,0x00000000d5b00000)
  to   space 512K, 0% used [0x00000000d5a00000,0x00000000d5a00000,0x00000000d5a80000)
 ParOldGen       total 704512K, used 704135K [0x0000000080000000, 0x00000000ab000000, 0x00000000d5580000)
  object space 704512K, 99% used [0x0000000080000000,0x00000000aafa1df0,0x00000000ab000000)
 Metaspace       used 87631K, committed 89216K, reserved 1179648K
  class space    used 8964K, committed 9792K, reserved 1048576K
}
Event: 65411.533 GC heap before
{Heap before GC invocations=2103 (full 5):
 PSYoungGen      total 4608K, used 4128K [0x00000000d5580000, 0x00000000d5b00000, 0x0000000100000000)
  eden space 4096K, 100% used [0x00000000d5580000,0x00000000d5980000,0x00000000d5980000)
  from space 512K, 6% used [0x00000000d5a80000,0x00000000d5a88000,0x00000000d5b00000)
  to   space 512K, 0% used [0x00000000d5a00000,0x00000000d5a00000,0x00000000d5a80000)
 ParOldGen       total 704512K, used 704135K [0x0000000080000000, 0x00000000ab000000, 0x00000000d5580000)
  object space 704512K, 99% used [0x0000000080000000,0x00000000aafa1df0,0x00000000ab000000)
 Metaspace       used 87638K, committed 89216K, reserved 1179648K
  class space    used 8964K, committed 9792K, reserved 1048576K
}
Event: 65411.759 GC heap after
{Heap after GC invocations=2103 (full 5):
 PSYoungGen      total 4608K, used 96K [0x00000000d5580000, 0x00000000d5b00000, 0x0000000100000000)
  eden space 4096K, 0% used [0x00000000d5580000,0x00000000d5580000,0x00000000d5980000)
  from space 512K, 18% used [0x00000000d5a00000,0x00000000d5a18000,0x00000000d5a80000)
  to   space 512K, 0% used [0x00000000d5a80000,0x00000000d5a80000,0x00000000d5b00000)
 ParOldGen       total 704512K, used 704135K [0x0000000080000000, 0x00000000ab000000, 0x00000000d5580000)
  object space 704512K, 99% used [0x0000000080000000,0x00000000aafa1df0,0x00000000ab000000)
 Metaspace       used 87638K, committed 89216K, reserved 1179648K
  class space    used 8964K, committed 9792K, reserved 1048576K
}

