# JRE version: Java(TM) SE Runtime Environment (17.0+35) (build 17+35-LTS-2724)
# Java VM: Java HotSpot(TM) 64-Bit Server VM (17+35-LTS-2724, mixed mode, emulated-client, sharing, tiered, compressed oops, compressed class ptrs, g1 gc, windows-amd64)
GC Precious Log:
 CPUs: 4 total, 4 available
 Memory: 8067M
 Large Page Support: Disabled
 NUMA Support: Disabled
 Compressed Oops: Enabled (32-bit)
 Heap Region Size: 1M
 Heap Min Capacity: 8M
 Heap Initial Capacity: 128M
 Heap Max Capacity: 2018M
 Pre-touch: Disabled
 Parallel Workers: 4
 Concurrent Workers: 1
 Concurrent Refinement Workers: 4
 Periodic GC: Disabled
Heap:
 garbage-first heap   total 190464K, used 98189K [0x0000000081e00000, 0x0000000100000000)
  region size 1024K, 4 young (4096K), 4 survivors (4096K)
 Metaspace       used 65132K, committed 65728K, reserved 1105920K
  class space    used 9832K, committed 10112K, reserved 1048576K
GC Heap History (20 events):
Event: 6.171 GC heap after
{Heap after GC invocations=18 (full 0):
 garbage-first heap   total 81920K, used 24851K [0x0000000081e00000, 0x0000000100000000)
  region size 1024K, 5 young (5120K), 5 survivors (5120K)
 Metaspace       used 45628K, committed 46080K, reserved 1089536K
  class space    used 6524K, committed 6720K, reserved 1048576K
}
Event: 6.233 GC heap before
{Heap before GC invocations=18 (full 0):
 garbage-first heap   total 81920K, used 26899K [0x0000000081e00000, 0x0000000100000000)
  region size 1024K, 8 young (8192K), 5 survivors (5120K)
 Metaspace       used 46056K, committed 46592K, reserved 1089536K
  class space    used 6610K, committed 6848K, reserved 1048576K
}
Event: 6.240 GC heap after
{Heap after GC invocations=19 (full 0):
 garbage-first heap   total 81920K, used 25387K [0x0000000081e00000, 0x0000000100000000)
  region size 1024K, 1 young (1024K), 1 survivors (1024K)
 Metaspace       used 46056K, committed 46592K, reserved 1089536K
  class space    used 6610K, committed 6848K, reserved 1048576K
}
Event: 7.258 GC heap before
{Heap before GC invocations=19 (full 0):
 garbage-first heap   total 81920K, used 66347K [0x0000000081e00000, 0x0000000100000000)
  region size 1024K, 41 young (41984K), 1 survivors (1024K)
 Metaspace       used 55347K, committed 55936K, reserved 1097728K
  class space    used 8102K, committed 8384K, reserved 1048576K
}
Event: 7.262 GC heap after
{Heap after GC invocations=20 (full 0):
 garbage-first heap   total 81920K, used 26252K [0x0000000081e00000, 0x0000000100000000)
  region size 1024K, 2 young (2048K), 2 survivors (2048K)
 Metaspace       used 55347K, committed 55936K, reserved 1097728K
  class space    used 8102K, committed 8384K, reserved 1048576K
}
Event: 7.952 GC heap before
{Heap before GC invocations=21 (full 0):
 garbage-first heap   total 81920K, used 67212K [0x0000000081e00000, 0x0000000100000000)
  region size 1024K, 42 young (43008K), 2 survivors (2048K)
 Metaspace       used 60601K, committed 61184K, reserved 1105920K
  class space    used 9030K, committed 9280K, reserved 1048576K
}
Event: 7.958 GC heap after
{Heap after GC invocations=22 (full 0):
 garbage-first heap   total 81920K, used 29203K [0x0000000081e00000, 0x0000000100000000)
  region size 1024K, 5 young (5120K), 5 survivors (5120K)
 Metaspace       used 60601K, committed 61184K, reserved 1105920K
  class space    used 9030K, committed 9280K, reserved 1048576K
}
Event: 8.101 GC heap before
{Heap before GC invocations=22 (full 0):
 garbage-first heap   total 81920K, used 66067K [0x0000000081e00000, 0x0000000100000000)
  region size 1024K, 41 young (41984K), 5 survivors (5120K)
 Metaspace       used 60604K, committed 61184K, reserved 1105920K
  class space    used 9030K, committed 9280K, reserved 1048576K
}
Event: 8.110 GC heap after
{Heap after GC invocations=23 (full 0):
 garbage-first heap   total 81920K, used 32208K [0x0000000081e00000, 0x0000000100000000)
  region size 1024K, 6 young (6144K), 6 survivors (6144K)
 Metaspace       used 60604K, committed 61184K, reserved 1105920K
  class space    used 9030K, committed 9280K, reserved 1048576K
}
Event: 8.326 GC heap before
{Heap before GC invocations=23 (full 0):
 garbage-first heap   total 81920K, used 63952K [0x0000000081e00000, 0x0000000100000000)
  region size 1024K, 38 young (38912K), 6 survivors (6144K)
 Metaspace       used 62360K, committed 62912K, reserved 1105920K
  class space    used 9409K, committed 9664K, reserved 1048576K
}
Event: 8.335 GC heap after
{Heap after GC invocations=24 (full 0):
 garbage-first heap   total 177152K, used 33102K [0x0000000081e00000, 0x0000000100000000)
  region size 1024K, 4 young (4096K), 4 survivors (4096K)
 Metaspace       used 62360K, committed 62912K, reserved 1105920K
  class space    used 9409K, committed 9664K, reserved 1048576K
}
Event: 8.709 GC heap before
{Heap before GC invocations=24 (full 0):
 garbage-first heap   total 177152K, used 134478K [0x0000000081e00000, 0x0000000100000000)
  region size 1024K, 103 young (105472K), 4 survivors (4096K)
 Metaspace       used 62373K, committed 62976K, reserved 1105920K
  class space    used 9409K, committed 9664K, reserved 1048576K
}
Event: 8.712 GC heap after
{Heap after GC invocations=25 (full 0):
 garbage-first heap   total 177152K, used 32108K [0x0000000081e00000, 0x0000000100000000)
  region size 1024K, 3 young (3072K), 3 survivors (3072K)
 Metaspace       used 62373K, committed 62976K, reserved 1105920K
  class space    used 9409K, committed 9664K, reserved 1048576K
}
Event: 9.552 GC heap before
{Heap before GC invocations=25 (full 0):
 garbage-first heap   total 177152K, used 134508K [0x0000000081e00000, 0x0000000100000000)
  region size 1024K, 103 young (105472K), 3 survivors (3072K)
 Metaspace       used 65130K, committed 65728K, reserved 1105920K
  class space    used 9832K, committed 10112K, reserved 1048576K
}
Event: 9.576 GC heap after
{Heap after GC invocations=26 (full 0):
 garbage-first heap   total 177152K, used 49675K [0x0000000081e00000, 0x0000000100000000)
  region size 1024K, 13 young (13312K), 13 survivors (13312K)
 Metaspace       used 65130K, committed 65728K, reserved 1105920K
  class space    used 9832K, committed 10112K, reserved 1048576K
}
Event: 9.915 GC heap before
{Heap before GC invocations=26 (full 0):
 garbage-first heap   total 177152K, used 132619K [0x0000000081e00000, 0x0000000100000000)
  region size 1024K, 93 young (95232K), 13 survivors (13312K)
 Metaspace       used 65131K, committed 65728K, reserved 1105920K
  class space    used 9832K, committed 10112K, reserved 1048576K
}
Event: 9.961 GC heap after
{Heap after GC invocations=27 (full 0):
 garbage-first heap   total 177152K, used 75015K [0x0000000081e00000, 0x0000000100000000)
  region size 1024K, 12 young (12288K), 12 survivors (12288K)
 Metaspace       used 65131K, committed 65728K, reserved 1105920K
  class space    used 9832K, committed 10112K, reserved 1048576K
}
Event: 10.140 GC heap before
{Heap before GC invocations=27 (full 0):
 garbage-first heap   total 177152K, used 126215K [0x0000000081e00000, 0x0000000100000000)
  region size 1024K, 62 young (63488K), 12 survivors (12288K)
 Metaspace       used 65132K, committed 65728K, reserved 1105920K
  class space    used 9832K, committed 10112K, reserved 1048576K
}
Event: 10.178 GC heap after
{Heap after GC invocations=28 (full 0):
 garbage-first heap   total 177152K, used 93696K [0x0000000081e00000, 0x0000000100000000)
  region size 1024K, 8 young (8192K), 8 survivors (8192K)
 Metaspace       used 65132K, committed 65728K, reserved 1105920K
  class space    used 9832K, committed 10112K, reserved 1048576K
}
Event: 10.200 GC heap before
{Heap before GC invocations=28 (full 0):
 garbage-first heap   total 177152K, used 100864K [0x0000000081e00000, 0x0000000100000000)
  region size 1024K, 16 young (16384K), 8 survivors (8192K)
 Metaspace       used 65132K, committed 65728K, reserved 1105920K
  class space    used 9832K, committed 10112K, reserved 1048576K
}

