# JRE version: Java(TM) SE Runtime Environment (17.0+35) (build 17+35-LTS-2724)
# Java VM: Java HotSpot(TM) 64-Bit Server VM (17+35-LTS-2724, mixed mode, emulated-client, sharing, tiered, compressed oops, compressed class ptrs, g1 gc, windows-amd64)
GC Precious Log:
 CPUs: 4 total, 4 available
 Memory: 8067M
 Large Page Support: Disabled
 NUMA Support: Disabled
 Compressed Oops: Enabled (32-bit)
 Heap Region Size: 1M
 Heap Min Capacity: 8M
 Heap Initial Capacity: 128M
 Heap Max Capacity: 2018M
 Pre-touch: Disabled
 Parallel Workers: 4
 Concurrent Workers: 1
 Concurrent Refinement Workers: 4
 Periodic GC: Disabled
Heap:
 garbage-first heap   total 161792K, used 38350K [0x0000000081e00000, 0x0000000100000000)
  region size 1024K, 5 young (5120K), 5 survivors (5120K)
 Metaspace       used 62349K, committed 62976K, reserved 1105920K
  class space    used 9411K, committed 9664K, reserved 1048576K
GC Heap History (20 events):
Event: 4.426 GC heap after
{Heap after GC invocations=12 (full 0):
 garbage-first heap   total 61440K, used 20175K [0x0000000081e00000, 0x0000000100000000)
  region size 1024K, 2 young (2048K), 2 survivors (2048K)
 Metaspace       used 28503K, committed 28928K, reserved 1081344K
  class space    used 4088K, committed 4288K, reserved 1048576K
}
Event: 4.430 GC heap before
{Heap before GC invocations=12 (full 0):
 garbage-first heap   total 61440K, used 47823K [0x0000000081e00000, 0x0000000100000000)
  region size 1024K, 30 young (30720K), 2 survivors (2048K)
 Metaspace       used 28503K, committed 28928K, reserved 1081344K
  class space    used 4088K, committed 4288K, reserved 1048576K
}
Event: 4.433 GC heap after
{Heap after GC invocations=13 (full 0):
 garbage-first heap   total 61440K, used 20342K [0x0000000081e00000, 0x0000000100000000)
  region size 1024K, 3 young (3072K), 3 survivors (3072K)
 Metaspace       used 28503K, committed 28928K, reserved 1081344K
  class space    used 4088K, committed 4288K, reserved 1048576K
}
Event: 4.438 GC heap before
{Heap before GC invocations=13 (full 0):
 garbage-first heap   total 61440K, used 47990K [0x0000000081e00000, 0x0000000100000000)
  region size 1024K, 31 young (31744K), 3 survivors (3072K)
 Metaspace       used 28503K, committed 28928K, reserved 1081344K
  class space    used 4088K, committed 4288K, reserved 1048576K
}
Event: 4.441 GC heap after
{Heap after GC invocations=14 (full 0):
 garbage-first heap   total 156672K, used 20270K [0x0000000081e00000, 0x0000000100000000)
  region size 1024K, 3 young (3072K), 3 survivors (3072K)
 Metaspace       used 28503K, committed 28928K, reserved 1081344K
  class space    used 4088K, committed 4288K, reserved 1048576K
}
Event: 5.176 GC heap before
{Heap before GC invocations=14 (full 0):
 garbage-first heap   total 156672K, used 109358K [0x0000000081e00000, 0x0000000100000000)
  region size 1024K, 91 young (93184K), 3 survivors (3072K)
 Metaspace       used 33632K, committed 34112K, reserved 1081344K
  class space    used 4831K, committed 5056K, reserved 1048576K
}
Event: 5.183 GC heap after
{Heap after GC invocations=15 (full 0):
 garbage-first heap   total 156672K, used 21771K [0x0000000081e00000, 0x0000000100000000)
  region size 1024K, 4 young (4096K), 4 survivors (4096K)
 Metaspace       used 33632K, committed 34112K, reserved 1081344K
  class space    used 4831K, committed 5056K, reserved 1048576K
}
Event: 5.379 GC heap before
{Heap before GC invocations=15 (full 0):
 garbage-first heap   total 156672K, used 30987K [0x0000000081e00000, 0x0000000100000000)
  region size 1024K, 14 young (14336K), 4 survivors (4096K)
 Metaspace       used 35685K, committed 36160K, reserved 1081344K
  class space    used 5199K, committed 5440K, reserved 1048576K
}
Event: 5.384 GC heap after
{Heap after GC invocations=16 (full 0):
 garbage-first heap   total 156672K, used 22378K [0x0000000081e00000, 0x0000000100000000)
  region size 1024K, 5 young (5120K), 5 survivors (5120K)
 Metaspace       used 35685K, committed 36160K, reserved 1081344K
  class space    used 5199K, committed 5440K, reserved 1048576K
}
Event: 6.645 GC heap before
{Heap before GC invocations=17 (full 0):
 garbage-first heap   total 86016K, used 68458K [0x0000000081e00000, 0x0000000100000000)
  region size 1024K, 50 young (51200K), 5 survivors (5120K)
 Metaspace       used 45937K, committed 46400K, reserved 1089536K
  class space    used 6589K, committed 6784K, reserved 1048576K
}
Event: 6.653 GC heap after
{Heap after GC invocations=18 (full 0):
 garbage-first heap   total 86016K, used 25289K [0x0000000081e00000, 0x0000000100000000)
  region size 1024K, 6 young (6144K), 6 survivors (6144K)
 Metaspace       used 45937K, committed 46400K, reserved 1089536K
  class space    used 6589K, committed 6784K, reserved 1048576K
}
Event: 6.723 GC heap before
{Heap before GC invocations=18 (full 0):
 garbage-first heap   total 86016K, used 27337K [0x0000000081e00000, 0x0000000100000000)
  region size 1024K, 9 young (9216K), 6 survivors (6144K)
 Metaspace       used 47181K, committed 47616K, reserved 1097728K
  class space    used 6797K, committed 6976K, reserved 1048576K
}
Event: 6.729 GC heap after
{Heap after GC invocations=19 (full 0):
 garbage-first heap   total 86016K, used 25156K [0x0000000081e00000, 0x0000000100000000)
  region size 1024K, 1 young (1024K), 1 survivors (1024K)
 Metaspace       used 47181K, committed 47616K, reserved 1097728K
  class space    used 6797K, committed 6976K, reserved 1048576K
}
Event: 7.812 GC heap before
{Heap before GC invocations=19 (full 0):
 garbage-first heap   total 86016K, used 70212K [0x0000000081e00000, 0x0000000100000000)
  region size 1024K, 45 young (46080K), 1 survivors (1024K)
 Metaspace       used 56069K, committed 56640K, reserved 1097728K
  class space    used 8169K, committed 8448K, reserved 1048576K
}
Event: 7.817 GC heap after
{Heap after GC invocations=20 (full 0):
 garbage-first heap   total 86016K, used 26625K [0x0000000081e00000, 0x0000000100000000)
  region size 1024K, 3 young (3072K), 3 survivors (3072K)
 Metaspace       used 56069K, committed 56640K, reserved 1097728K
  class space    used 8169K, committed 8448K, reserved 1048576K
}
Event: 8.417 GC heap before
{Heap before GC invocations=21 (full 0):
 garbage-first heap   total 86016K, used 69633K [0x0000000081e00000, 0x0000000100000000)
  region size 1024K, 45 young (46080K), 3 survivors (3072K)
 Metaspace       used 60590K, committed 61184K, reserved 1105920K
  class space    used 9032K, committed 9280K, reserved 1048576K
}
Event: 8.427 GC heap after
{Heap after GC invocations=22 (full 0):
 garbage-first heap   total 86016K, used 32027K [0x0000000081e00000, 0x0000000100000000)
  region size 1024K, 6 young (6144K), 6 survivors (6144K)
 Metaspace       used 60590K, committed 61184K, reserved 1105920K
  class space    used 9032K, committed 9280K, reserved 1048576K
}
Event: 8.535 GC heap before
{Heap before GC invocations=22 (full 0):
 garbage-first heap   total 86016K, used 67867K [0x0000000081e00000, 0x0000000100000000)
  region size 1024K, 41 young (41984K), 6 survivors (6144K)
 Metaspace       used 60598K, committed 61184K, reserved 1105920K
  class space    used 9033K, committed 9280K, reserved 1048576K
}
Event: 8.545 GC heap after
{Heap after GC invocations=23 (full 0):
 garbage-first heap   total 86016K, used 34355K [0x0000000081e00000, 0x0000000100000000)
  region size 1024K, 3 young (3072K), 3 survivors (3072K)
 Metaspace       used 60598K, committed 61184K, reserved 1105920K
  class space    used 9033K, committed 9280K, reserved 1048576K
}
Event: 8.720 GC heap before
{Heap before GC invocations=23 (full 0):
 garbage-first heap   total 86016K, used 67123K [0x0000000081e00000, 0x0000000100000000)
  region size 1024K, 35 young (35840K), 3 survivors (3072K)
 Metaspace       used 62349K, committed 62976K, reserved 1105920K
  class space    used 9411K, committed 9664K, reserved 1048576K
}

